<?xml version="1.0" encoding="UTF-8"?>
<testsuite xmlns:xsi="http://www.w3.org/2001/XMLSchema-instance" xsi:schemaLocation="https://maven.apache.org/surefire/maven-surefire-plugin/xsd/surefire-test-report.xsd" name="TestSuite" time="7.857" tests="33" errors="0" skipped="27" failures="6">
  <properties>
[...]
</properties>
  <testcase name="setUp" classname="com.houzify.scripts.FilterTest" time="2.164">
    <failure message="A new session could not be created. (Original error: Requested a new session but one was in progress) (WARNING: The server did not provide any stacktrace information)&#10;Command duration or timeout: 344 milliseconds&#10;Build info: version: &apos;2.47.1&apos;, revision: &apos;unknown&apos;, time: &apos;2015-07-30 11:02:44&apos;&#10;System info: host: &apos;CBT-076&apos;, ip: &apos;10.10.5.26&apos;, os.name: &apos;Windows 8.1&apos;, os.arch: &apos;amd64&apos;, os.version: &apos;6.3&apos;, java.version: &apos;1.8.0_66&apos;&#10;Driver info: io.appium.java_client.android.AndroidDriver" type="org.openqa.selenium.SessionNotCreatedException">org.openqa.selenium.SessionNotCreatedException: 
A new session could not be created. (Original error: Requested a new session but one was in progress) (WARNING: The server did not provide any stacktrace information)
Command duration or timeout: 344 milliseconds
Build info: version: '2.47.1', revision: 'unknown', time: '2015-07-30 11:02:44'
System info: host: 'CBT-076', ip: '10.10.5.26', os.name: 'Windows 8.1', os.arch: 'amd64', os.version: '6.3', java.version: '1.8.0_66'
Driver info: io.appium.java_client.android.AndroidDriver
</failure>
    <system-out><![CDATA[
]]></system-out>
  </testcase>
  <testcase name="setUp" classname="com.houzify.scripts.FilterTest" time="0">
    <skipped/>
  </testcase>
  <testcase name="testFilterBrowse10images" classname="com.houzify.scripts.FilterTest" time="0">
    <skipped/>
  </testcase>
  <testcase name="tearDown" classname="com.houzify.scripts.FilterTest" time="0">
    <skipped/>
  </testcase>
  <testcase name="tearDown" classname="com.houzify.scripts.FilterTest" time="0">
    <skipped/>
  </testcase>
  <testcase name="testFilterBrowse15images" classname="com.houzify.scripts.FilterTest" time="0">
    <skipped/>
  </testcase>
  <testcase name="setUp" classname="com.houzify.scripts.HomeTest" time="0.231">
    <failure message="A new session could not be created. (Original error: Requested a new session but one was in progress) (WARNING: The server did not provide any stacktrace information)&#10;Command duration or timeout: 64 milliseconds&#10;Build info: version: &apos;2.47.1&apos;, revision: &apos;unknown&apos;, time: &apos;2015-07-30 11:02:44&apos;&#10;System info: host: &apos;CBT-076&apos;, ip: &apos;10.10.5.26&apos;, os.name: &apos;Windows 8.1&apos;, os.arch: &apos;amd64&apos;, os.version: &apos;6.3&apos;, java.version: &apos;1.8.0_66&apos;&#10;Driver info: io.appium.java_client.android.AndroidDriver" type="org.openqa.selenium.SessionNotCreatedException">org.openqa.selenium.SessionNotCreatedException: 
A new session could not be created. (Original error: Requested a new session but one was in progress) (WARNING: The server did not provide any stacktrace information)
Command duration or timeout: 64 milliseconds
Build info: version: '2.47.1', revision: 'unknown', time: '2015-07-30 11:02:44'
System info: host: 'CBT-076', ip: '10.10.5.26', os.name: 'Windows 8.1', os.arch: 'amd64', os.version: '6.3', java.version: '1.8.0_66'
Driver info: io.appium.java_client.android.AndroidDriver
</failure>
  </testcase>
  <testcase name="testHomeBrowseimage" classname="com.houzify.scripts.HomeTest" time="0">
    <skipped/>
  </testcase>
  <testcase name="tearDown" classname="com.houzify.scripts.HomeTest" time="0">
    <skipped/>
  </testcase>
  <testcase name="setUp" classname="com.houzify.scripts.MyProfileTest" time="0.305">
    <failure message="A new session could not be created. (Original error: Requested a new session but one was in progress) (WARNING: The server did not provide any stacktrace information)&#10;Command duration or timeout: 243 milliseconds&#10;Build info: version: &apos;2.47.1&apos;, revision: &apos;unknown&apos;, time: &apos;2015-07-30 11:02:44&apos;&#10;System info: host: &apos;CBT-076&apos;, ip: &apos;10.10.5.26&apos;, os.name: &apos;Windows 8.1&apos;, os.arch: &apos;amd64&apos;, os.version: &apos;6.3&apos;, java.version: &apos;1.8.0_66&apos;&#10;Driver info: io.appium.java_client.android.AndroidDriver" type="org.openqa.selenium.SessionNotCreatedException">org.openqa.selenium.SessionNotCreatedException: 
A new session could not be created. (Original error: Requested a new session but one was in progress) (WARNING: The server did not provide any stacktrace information)
Command duration or timeout: 243 milliseconds
Build info: version: '2.47.1', revision: 'unknown', time: '2015-07-30 11:02:44'
System info: host: 'CBT-076', ip: '10.10.5.26', os.name: 'Windows 8.1', os.arch: 'amd64', os.version: '6.3', java.version: '1.8.0_66'
Driver info: io.appium.java_client.android.AndroidDriver
</failure>
  </testcase>
  <testcase name="testSwipeFavouriteImages" classname="com.houzify.scripts.MyProfileTest" time="0">
    <skipped/>
  </testcase>
  <testcase name="tearDown" classname="com.houzify.scripts.MyProfileTest" time="0">
    <skipped/>
  </testcase>
  <testcase name="setUp" classname="com.houzify.scripts.NewUserRegTest" time="0.12">
    <failure message="A new session could not be created. (Original error: Requested a new session but one was in progress) (WARNING: The server did not provide any stacktrace information)&#10;Command duration or timeout: 40 milliseconds&#10;Build info: version: &apos;2.47.1&apos;, revision: &apos;unknown&apos;, time: &apos;2015-07-30 11:02:44&apos;&#10;System info: host: &apos;CBT-076&apos;, ip: &apos;10.10.5.26&apos;, os.name: &apos;Windows 8.1&apos;, os.arch: &apos;amd64&apos;, os.version: &apos;6.3&apos;, java.version: &apos;1.8.0_66&apos;&#10;Driver info: io.appium.java_client.android.AndroidDriver" type="org.openqa.selenium.SessionNotCreatedException">org.openqa.selenium.SessionNotCreatedException: 
A new session could not be created. (Original error: Requested a new session but one was in progress) (WARNING: The server did not provide any stacktrace information)
Command duration or timeout: 40 milliseconds
Build info: version: '2.47.1', revision: 'unknown', time: '2015-07-30 11:02:44'
System info: host: 'CBT-076', ip: '10.10.5.26', os.name: 'Windows 8.1', os.arch: 'amd64', os.version: '6.3', java.version: '1.8.0_66'
Driver info: io.appium.java_client.android.AndroidDriver
</failure>
  </testcase>
  <testcase name="setUp" classname="com.houzify.scripts.NewUserRegTest" time="0">
    <skipped/>
  </testcase>
  <testcase name="setUp" classname="com.houzify.scripts.NewUserRegTest" time="0">
    <skipped/>
  </testcase>
  <testcase name="setUp" classname="com.houzify.scripts.NewUserRegTest" time="0">
    <skipped/>
  </testcase>
  <testcase name="setUp" classname="com.houzify.scripts.NewUserRegTest" time="0">
    <skipped/>
  </testcase>
  <testcase name="testSignUpwithGalleryImg" classname="com.houzify.scripts.NewUserRegTest" time="0">
    <skipped/>
  </testcase>
  <testcase name="tearDown" classname="com.houzify.scripts.NewUserRegTest" time="0">
    <skipped/>
  </testcase>
  <testcase name="tearDown" classname="com.houzify.scripts.NewUserRegTest" time="0">
    <skipped/>
  </testcase>
  <testcase name="tearDown" classname="com.houzify.scripts.NewUserRegTest" time="0">
    <skipped/>
  </testcase>
  <testcase name="tearDown" classname="com.houzify.scripts.NewUserRegTest" time="0">
    <skipped/>
  </testcase>
  <testcase name="tearDown" classname="com.houzify.scripts.NewUserRegTest" time="0">
    <skipped/>
  </testcase>
  <testcase name="testSignupWithCameraPic" classname="com.houzify.scripts.NewUserRegTest" time="0">
    <skipped/>
  </testcase>
  <testcase name="testInvalidLogin" classname="com.houzify.scripts.NewUserRegTest" time="0">
    <skipped/>
  </testcase>
  <testcase name="testGoogleLogin" classname="com.houzify.scripts.NewUserRegTest" time="0">
    <skipped/>
  </testcase>
  <testcase name="testFBLogin" classname="com.houzify.scripts.NewUserRegTest" time="0">
    <skipped/>
  </testcase>
  <testcase name="setUp" classname="com.houzify.scripts.TopPicksTest" time="0.112">
    <failure message="A new session could not be created. (Original error: Requested a new session but one was in progress) (WARNING: The server did not provide any stacktrace information)&#10;Command duration or timeout: 45 milliseconds&#10;Build info: version: &apos;2.47.1&apos;, revision: &apos;unknown&apos;, time: &apos;2015-07-30 11:02:44&apos;&#10;System info: host: &apos;CBT-076&apos;, ip: &apos;10.10.5.26&apos;, os.name: &apos;Windows 8.1&apos;, os.arch: &apos;amd64&apos;, os.version: &apos;6.3&apos;, java.version: &apos;1.8.0_66&apos;&#10;Driver info: io.appium.java_client.android.AndroidDriver" type="org.openqa.selenium.SessionNotCreatedException">org.openqa.selenium.SessionNotCreatedException: 
A new session could not be created. (Original error: Requested a new session but one was in progress) (WARNING: The server did not provide any stacktrace information)
Command duration or timeout: 45 milliseconds
Build info: version: '2.47.1', revision: 'unknown', time: '2015-07-30 11:02:44'
System info: host: 'CBT-076', ip: '10.10.5.26', os.name: 'Windows 8.1', os.arch: 'amd64', os.version: '6.3', java.version: '1.8.0_66'
Driver info: io.appium.java_client.android.AndroidDriver
</failure>
  </testcase>
  <testcase name="testTopPicksBrowse10images" classname="com.houzify.scripts.TopPicksTest" time="0">
    <skipped/>
  </testcase>
  <testcase name="tearDown" classname="com.houzify.scripts.TopPicksTest" time="0">
    <skipped/>
  </testcase>
  <testcase name="setUp" classname="com.houzify.scripts.TutorialTest" time="0.143">
    <failure message="A new session could not be created. (Original error: Requested a new session but one was in progress) (WARNING: The server did not provide any stacktrace information)&#10;Command duration or timeout: 22 milliseconds&#10;Build info: version: &apos;2.47.1&apos;, revision: &apos;unknown&apos;, time: &apos;2015-07-30 11:02:44&apos;&#10;System info: host: &apos;CBT-076&apos;, ip: &apos;10.10.5.26&apos;, os.name: &apos;Windows 8.1&apos;, os.arch: &apos;amd64&apos;, os.version: &apos;6.3&apos;, java.version: &apos;1.8.0_66&apos;&#10;Driver info: io.appium.java_client.android.AndroidDriver" type="org.openqa.selenium.SessionNotCreatedException">org.openqa.selenium.SessionNotCreatedException: 
A new session could not be created. (Original error: Requested a new session but one was in progress) (WARNING: The server did not provide any stacktrace information)
Command duration or timeout: 22 milliseconds
Build info: version: '2.47.1', revision: 'unknown', time: '2015-07-30 11:02:44'
System info: host: 'CBT-076', ip: '10.10.5.26', os.name: 'Windows 8.1', os.arch: 'amd64', os.version: '6.3', java.version: '1.8.0_66'
Driver info: io.appium.java_client.android.AndroidDriver
</failure>
  </testcase>
  <testcase name="testTutorial" classname="com.houzify.scripts.TutorialTest" time="0">
    <skipped/>
  </testcase>
  <testcase name="tearDown" classname="com.houzify.scripts.TutorialTest" time="0">
    <skipped/>
  </testcase>
</testsuite>